2016-11-29 12:28:03 INFO   com.gmail.thomas.hansson85.UserInputHandler mainMenu - User starts the Address Book
2016-11-29 12:28:07 FIN    com.gmail.thomas.hansson85.Register addContact - User added a new contact
2016-11-29 12:28:08 INFO   com.gmail.thomas.hansson85.FileHandler saveToFile - Saving UserInputHandler
2016-11-29 12:28:10 INFO   com.gmail.thomas.hansson85.FileHandler saveToFile - Saving UserInputHandler
2016-11-29 12:28:10 INFO   com.gmail.thomas.hansson85.Register quitProgram - User exits Address Book
2016-11-29 12:47:12 INFO   com.gmail.thomas.hansson85.UserInputHandler mainMenu - User starts the Address Book
2016-11-29 12:47:15 FIN    com.gmail.thomas.hansson85.Register addContact - User added a new contact
2016-11-29 12:47:17 INFO   com.gmail.thomas.hansson85.FileHandler saveToFile - Saving UserInputHandler
2016-11-29 12:47:17 FIN    com.gmail.thomas.hansson85.Printer printAnSortedList - User looked at a list of all contacts
2016-11-29 12:47:19 INFO   com.gmail.thomas.hansson85.FileHandler saveToFile - Saving UserInputHandler
2016-11-29 12:47:19 INFO   com.gmail.thomas.hansson85.Register quitProgram - User exits Address Book
2016-11-29 12:47:26 INFO   com.gmail.thomas.hansson85.UserInputHandler mainMenu - User starts the Address Book
2016-11-29 12:47:29 FIN    com.gmail.thomas.hansson85.Printer printAnSortedList - User looked at a list of all contacts
2016-11-29 12:47:31 INFO   com.gmail.thomas.hansson85.FileHandler saveToFile - Saving UserInputHandler
2016-11-29 12:47:35 INFO   com.gmail.thomas.hansson85.FileHandler saveToFile - Saving UserInputHandler
2016-11-29 12:47:35 INFO   com.gmail.thomas.hansson85.Register quitProgram - User exits Address Book
2016-11-29 12:57:59 INFO   com.gmail.thomas.hansson85.UserInputHandler mainMenu - User starts the Address Book
2016-11-29 12:58:02 FIN    com.gmail.thomas.hansson85.Printer printAnSortedList - User looked at a list of all contacts
2016-11-29 12:58:04 INFO   com.gmail.thomas.hansson85.FileHandler saveToFile - Saving UserInputHandler
2016-11-29 12:58:09 INFO   com.gmail.thomas.hansson85.FileHandler saveToFile - Saving UserInputHandler
2016-11-29 12:58:14 INFO   com.gmail.thomas.hansson85.FileHandler saveToFile - Saving UserInputHandler
2016-11-29 12:58:19 INFO   com.gmail.thomas.hansson85.FileHandler saveToFile - Saving UserInputHandler
2016-11-29 12:58:24 INFO   com.gmail.thomas.hansson85.FileHandler saveToFile - Saving UserInputHandler
2016-11-29 12:58:37 INFO   com.gmail.thomas.hansson85.UserInputHandler mainMenu - User starts the Address Book
2016-11-29 12:58:42 INFO   com.gmail.thomas.hansson85.FileHandler saveToFile - Saving UserInputHandler
2016-11-29 12:58:42 FIN    com.gmail.thomas.hansson85.Register deleteContact - User deleted a contact with ID: c2ee4af4-6832-4166-8076-ea1aa3f2e450
2016-11-29 12:58:44 FIN    com.gmail.thomas.hansson85.Printer printAnSortedList - User looked at a list of all contacts
2016-11-29 12:58:47 INFO   com.gmail.thomas.hansson85.FileHandler saveToFile - Saving UserInputHandler
2016-11-29 12:58:52 INFO   com.gmail.thomas.hansson85.FileHandler saveToFile - Saving UserInputHandler
2016-11-29 12:58:52 FIN    com.gmail.thomas.hansson85.Register deleteContact - User deleted a contact with ID: b7fbf4b0-9980-4c83-816b-d45d7b85f835
2016-11-29 12:58:57 INFO   com.gmail.thomas.hansson85.FileHandler saveToFile - Saving UserInputHandler
2016-11-29 12:58:57 FIN    com.gmail.thomas.hansson85.Printer printAnSortedList - User looked at a list of all contacts
2016-11-29 12:58:59 INFO   com.gmail.thomas.hansson85.FileHandler saveToFile - Saving UserInputHandler
2016-11-29 12:58:59 INFO   com.gmail.thomas.hansson85.Register quitProgram - User exits Address Book
